Build started 8/14/2014 12:01:03 AM.
     1>Project "D:\My Documents\My Files\MasonRO\Hercules\2013-08-14aRagexe Full Client\Master\MasonRO\itemmap\itemmap.vcxproj" on node 2 (build target(s)).
     1>InitializeBuildStatus:
         Creating "itemmap\\itemmap.unsuccessfulbuild" because "AlwaysCreate" was specified.
       ClCompile:
         C:\Program Files\Microsoft Visual Studio 10.0\VC\bin\CL.exe /c /I..\src\common /I..\3rdparty\msinttypes\include /Zi /nologo /W3 /WX- /O2 /Oi /Oy- /GL /D _WINDLL /D _MBCS /Gm- /EHsc /MD /GS /Gy /fp:precise /Zc:wchar_t /Zc:forScope /Fo"itemmap\\" /Fd"itemmap\\vc100.pdb" /Gd /TC /analyze- /errorReport:prompt ..\src\plugins\itemmap.c
         itemmap.c
     1>..\src\plugins\itemmap.c(186): warning C4996: 'sscanf': This function or variable may be unsafe. Consider using sscanf_s instead. To disable deprecation, use _CRT_SECURE_NO_WARNINGS. See online help for details.
                 C:\Program Files\Microsoft Visual Studio 10.0\VC\include\stdio.h(325) : see declaration of 'sscanf'
     1>..\src\plugins\itemmap.c(191): warning C4996: 'sscanf': This function or variable may be unsafe. Consider using sscanf_s instead. To disable deprecation, use _CRT_SECURE_NO_WARNINGS. See online help for details.
                 C:\Program Files\Microsoft Visual Studio 10.0\VC\include\stdio.h(325) : see declaration of 'sscanf'
     1>..\src\plugins\itemmap.c(197): warning C4996: 'sscanf': This function or variable may be unsafe. Consider using sscanf_s instead. To disable deprecation, use _CRT_SECURE_NO_WARNINGS. See online help for details.
                 C:\Program Files\Microsoft Visual Studio 10.0\VC\include\stdio.h(325) : see declaration of 'sscanf'
       Link:
         C:\Program Files\Microsoft Visual Studio 10.0\VC\bin\link.exe /ERRORREPORT:PROMPT /OUT:"..\plugins\itemmap.dll" /NOLOGO kernel32.lib user32.lib gdi32.lib winspool.lib comdlg32.lib advapi32.lib shell32.lib ole32.lib oleaut32.lib uuid.lib odbc32.lib odbccp32.lib /MANIFEST /ManifestFile:"itemmap\\itemmap.dll.intermediate.manifest" /MANIFESTUAC:"level='asInvoker' uiAccess='false'" /DEBUG /PDB:"D:\My Documents\My Files\MasonRO\Hercules\2013-08-14aRagexe Full Client\Master\MasonRO\plugins\itemmap.pdb" /OPT:REF /OPT:ICF /LTCG /TLBID:1 /DYNAMICBASE /NXCOMPAT /IMPLIB:"..\plugins\itemmap.lib" /MACHINE:X86 /DLL itemmap\\itemmap.obj
            Creating library ..\plugins\itemmap.lib and object ..\plugins\itemmap.exp
         Generating code
         Finished generating code
         itemmap.vcxproj -> D:\My Documents\My Files\MasonRO\Hercules\2013-08-14aRagexe Full Client\Master\MasonRO\itemmap\..\plugins\itemmap.dll
       Manifest:
         C:\Program Files\Microsoft SDKs\Windows\v7.0A\bin\mt.exe /nologo /verbose /outputresource:"..\plugins\itemmap.dll;#2" /manifest itemmap\\itemmap.dll.intermediate.manifest
       FinalizeBuildStatus:
         Deleting file "itemmap\\itemmap.unsuccessfulbuild".
         Touching "itemmap\\itemmap.lastbuildstate".
     1>Done Building Project "D:\My Documents\My Files\MasonRO\Hercules\2013-08-14aRagexe Full Client\Master\MasonRO\itemmap\itemmap.vcxproj" (build target(s)).

Build succeeded.

Time Elapsed 00:00:02.14
