Build started 7/7/2014 4:00:10 PM.
     1>Project "D:\My Documents\My Files\MasonRO\Hercules\2013-08-14aRagexe Full Client\Master\MasonRO\afk\afk.vcxproj" on node 3 (build target(s)).
     1>InitializeBuildStatus:
         Creating "afk\\afk.unsuccessfulbuild" because "AlwaysCreate" was specified.
       ClCompile:
         C:\Program Files\Microsoft Visual Studio 10.0\VC\bin\CL.exe /c /I..\src\common /I..\3rdparty\msinttypes\include /Zi /nologo /W3 /WX- /O2 /Oi /Oy- /GL /D _WINDLL /D _MBCS /Gm- /EHsc /MD /GS /Gy /fp:precise /Zc:wchar_t /Zc:forScope /Fo"afk\\" /Fd"afk\\vc100.pdb" /Gd /TC /analyze- /errorReport:prompt ..\src\plugins\afk.c
         afk.c
       Link:
         C:\Program Files\Microsoft Visual Studio 10.0\VC\bin\link.exe /ERRORREPORT:PROMPT /OUT:"..\plugins\afk.dll" /NOLOGO kernel32.lib user32.lib gdi32.lib winspool.lib comdlg32.lib advapi32.lib shell32.lib ole32.lib oleaut32.lib uuid.lib odbc32.lib odbccp32.lib /MANIFEST /ManifestFile:"afk\\afk.dll.intermediate.manifest" /MANIFESTUAC:"level='asInvoker' uiAccess='false'" /DEBUG /PDB:"D:\My Documents\My Files\MasonRO\Hercules\2013-08-14aRagexe Full Client\Master\MasonRO\plugins\afk.pdb" /OPT:REF /OPT:ICF /LTCG /TLBID:1 /DYNAMICBASE /NXCOMPAT /IMPLIB:"..\plugins\afk.lib" /MACHINE:X86 /DLL afk\\afk.obj
            Creating library ..\plugins\afk.lib and object ..\plugins\afk.exp
         Generating code
         Finished generating code
         afk.vcxproj -> D:\My Documents\My Files\MasonRO\Hercules\2013-08-14aRagexe Full Client\Master\MasonRO\afk\..\plugins\afk.dll
       Manifest:
         C:\Program Files\Microsoft SDKs\Windows\v7.0A\bin\mt.exe /nologo /verbose /outputresource:"..\plugins\afk.dll;#2" /manifest afk\\afk.dll.intermediate.manifest
       FinalizeBuildStatus:
         Deleting file "afk\\afk.unsuccessfulbuild".
         Touching "afk\\afk.lastbuildstate".
     1>Done Building Project "D:\My Documents\My Files\MasonRO\Hercules\2013-08-14aRagexe Full Client\Master\MasonRO\afk\afk.vcxproj" (build target(s)).

Build succeeded.

Time Elapsed 00:00:02.61
